[2019-02-11T17:25:12,314][INFO ][o.e.n.Node               ] [] initializing ...
[2019-02-11T17:25:12,393][INFO ][o.e.e.NodeEnvironment    ] [cZ-ol7_] using [1] data paths, mounts [[(C:)]], net usable_space [72gb], net total_space [111.1gb], spins? [unknown], types [NTFS]
[2019-02-11T17:25:12,393][INFO ][o.e.e.NodeEnvironment    ] [cZ-ol7_] heap size [483.3mb], compressed ordinary object pointers [true]
[2019-02-11T17:25:12,397][INFO ][o.e.n.Node               ] node name [cZ-ol7_] derived from node ID [cZ-ol7_wQg2Kf50LOhXlEA]; set [node.name] to override
[2019-02-11T17:25:12,397][INFO ][o.e.n.Node               ] version[5.6.0], pid[13560], build[781a835/2017-09-07T03:09:58.087Z], OS[Windows 10/10.0/amd64], JVM[Oracle Corporation/Java HotSpot(TM) 64-Bit Server VM/1.8.0_191/25.191-b12]
[2019-02-11T17:25:12,398][INFO ][o.e.n.Node               ] JVM arguments [-Xms200m, -Xmx500m, -XX:+UseConcMarkSweepGC, -XX:CMSInitiatingOccupancyFraction=75, -XX:+UseCMSInitiatingOccupancyOnly, -XX:+AlwaysPreTouch, -Xss1m, -Djava.awt.headless=true, -Dfile.encoding=UTF-8, -Djna.nosys=true, -Djdk.io.permissionsUseCanonicalPath=true, -Dio.netty.noUnsafe=true, -Dio.netty.noKeySetOptimization=true, -Dio.netty.recycler.maxCapacityPerThread=0, -Dlog4j.shutdownHookEnabled=false, -Dlog4j2.disable.jmx=true, -Dlog4j.skipJansi=true, -XX:+HeapDumpOnOutOfMemoryError, -Delasticsearch, -Des.path.home=C:\Users\Vladimir.JOVICIC\Desktop\elasticsearch-5.6.0]
[2019-02-11T17:25:13,414][INFO ][o.e.p.PluginsService     ] [cZ-ol7_] loaded module [aggs-matrix-stats]
[2019-02-11T17:25:13,415][INFO ][o.e.p.PluginsService     ] [cZ-ol7_] loaded module [ingest-common]
[2019-02-11T17:25:13,415][INFO ][o.e.p.PluginsService     ] [cZ-ol7_] loaded module [lang-expression]
[2019-02-11T17:25:13,416][INFO ][o.e.p.PluginsService     ] [cZ-ol7_] loaded module [lang-groovy]
[2019-02-11T17:25:13,416][INFO ][o.e.p.PluginsService     ] [cZ-ol7_] loaded module [lang-mustache]
[2019-02-11T17:25:13,417][INFO ][o.e.p.PluginsService     ] [cZ-ol7_] loaded module [lang-painless]
[2019-02-11T17:25:13,417][INFO ][o.e.p.PluginsService     ] [cZ-ol7_] loaded module [parent-join]
[2019-02-11T17:25:13,418][INFO ][o.e.p.PluginsService     ] [cZ-ol7_] loaded module [percolator]
[2019-02-11T17:25:13,418][INFO ][o.e.p.PluginsService     ] [cZ-ol7_] loaded module [reindex]
[2019-02-11T17:25:13,419][INFO ][o.e.p.PluginsService     ] [cZ-ol7_] loaded module [transport-netty3]
[2019-02-11T17:25:13,419][INFO ][o.e.p.PluginsService     ] [cZ-ol7_] loaded module [transport-netty4]
[2019-02-11T17:25:13,420][INFO ][o.e.p.PluginsService     ] [cZ-ol7_] loaded plugin [analysis-icu]
[2019-02-11T17:25:13,420][INFO ][o.e.p.PluginsService     ] [cZ-ol7_] loaded plugin [serbian-plugin]
[2019-02-11T17:25:15,237][INFO ][o.e.d.DiscoveryModule    ] [cZ-ol7_] using discovery type [zen]
[2019-02-11T17:25:15,782][INFO ][o.e.n.Node               ] initialized
[2019-02-11T17:25:15,782][INFO ][o.e.n.Node               ] [cZ-ol7_] starting ...
[2019-02-11T17:25:16,109][INFO ][o.e.t.TransportService   ] [cZ-ol7_] publish_address {127.0.0.1:9300}, bound_addresses {127.0.0.1:9300}, {[::1]:9300}
[2019-02-11T17:25:16,116][WARN ][o.e.b.BootstrapChecks    ] [cZ-ol7_] initial heap size [209715200] not equal to maximum heap size [524288000]; this can cause resize pauses and prevents mlockall from locking the entire heap
[2019-02-11T17:25:19,188][INFO ][o.e.c.s.ClusterService   ] [cZ-ol7_] new_master {cZ-ol7_}{cZ-ol7_wQg2Kf50LOhXlEA}{DX86qy-EQeSOfEhSdsnaUA}{127.0.0.1}{127.0.0.1:9300}, reason: zen-disco-elected-as-master ([0] nodes joined)
[2019-02-11T17:25:19,239][INFO ][o.e.g.GatewayService     ] [cZ-ol7_] recovered [0] indices into cluster_state
[2019-02-11T17:25:19,354][INFO ][o.e.h.n.Netty4HttpServerTransport] [cZ-ol7_] publish_address {127.0.0.1:9200}, bound_addresses {127.0.0.1:9200}, {[::1]:9200}
[2019-02-11T17:25:19,355][INFO ][o.e.n.Node               ] [cZ-ol7_] started
[2019-02-11T17:25:37,955][INFO ][o.e.c.m.MetaDataCreateIndexService] [cZ-ol7_] [article] creating index, cause [api], templates [], shards [1]/[0], mappings []
[2019-02-11T17:25:38,120][INFO ][o.e.c.r.a.AllocationService] [cZ-ol7_] Cluster health status changed from [YELLOW] to [GREEN] (reason: [shards started [[article][0]] ...]).
[2019-02-11T17:25:38,225][INFO ][o.e.c.m.MetaDataMappingService] [cZ-ol7_] [article/-nIXyrT1Tka5qYlG_6H6Kw] create_mapping [article]
[2019-02-11T17:26:39,765][INFO ][o.e.b.Bootstrap          ] running graceful exit on windows
[2019-02-11T17:26:39,765][INFO ][o.e.n.Node               ] [cZ-ol7_] stopping ...
[2019-02-11T17:26:39,796][INFO ][o.e.n.Node               ] [cZ-ol7_] stopped
[2019-02-11T17:26:39,796][INFO ][o.e.n.Node               ] [cZ-ol7_] closing ...
[2019-02-11T17:26:39,796][INFO ][o.e.n.Node               ] [cZ-ol7_] closed
